# JRE version: OpenJDK Runtime Environment Temurin-21.0.8+9 (21.0.8+9) (build 21.0.8+9-LTS)
# Java VM: OpenJDK 64-Bit Server VM Temurin-21.0.8+9 (21.0.8+9-LTS, mixed mode, sharing, tiered, compressed oops, compressed class ptrs, parallel gc, windows-amd64)
GC Precious Log:
 CardTable entry size: 512
 CPUs: 12 total, 12 available
 Memory: 8030M
 Large Page Support: Disabled
 NUMA Support: Disabled
 Compressed Oops: Enabled (32-bit)
 Alignments: Space 512K, Generation 512K, Heap 2M
 Heap Min Capacity: 100M
 Heap Initial Capacity: 100M
 Heap Max Capacity: 2G
 Pre-touch: Disabled
 Parallel Workers: 10
Heap:
 PSYoungGen      total 6144K, used 4951K [0x00000000d5580000, 0x00000000d6480000, 0x0000000100000000)
  eden space 3584K, 66% used [0x00000000d5580000,0x00000000d57d5ce0,0x00000000d5900000)
  from space 2560K, 100% used [0x00000000d5900000,0x00000000d5b80000,0x00000000d5b80000)
  to   space 5632K, 0% used [0x00000000d5f00000,0x00000000d5f00000,0x00000000d6480000)
 ParOldGen       total 814592K, used 814524K [0x0000000080000000, 0x00000000b1b80000, 0x00000000d5580000)
  object space 814592K, 99% used [0x0000000080000000,0x00000000b1b6f2e0,0x00000000b1b80000)
 Metaspace       used 69625K, committed 71168K, reserved 1114112K
  class space    used 7549K, committed 8192K, reserved 1048576K
GC Heap History (20 events):
Event: 42.022 GC heap before
{Heap before GC invocations=1305 (full 3):
 PSYoungGen      total 3584K, used 3520K [0x00000000d5580000, 0x00000000d5b00000, 0x0000000100000000)
  eden space 2560K, 100% used [0x00000000d5580000,0x00000000d5800000,0x00000000d5800000)
  from space 1024K, 93% used [0x00000000d5800000,0x00000000d58f0000,0x00000000d5900000)
  to   space 1536K, 0% used [0x00000000d5980000,0x00000000d5980000,0x00000000d5b00000)
 ParOldGen       total 802816K, used 802657K [0x0000000080000000, 0x00000000b1000000, 0x00000000d5580000)
  object space 802816K, 99% used [0x0000000080000000,0x00000000b0fd87d8,0x00000000b1000000)
 Metaspace       used 69583K, committed 71104K, reserved 1114112K
  class space    used 7545K, committed 8192K, reserved 1048576K
}
Event: 42.025 GC heap after
{Heap after GC invocations=1305 (full 3):
 PSYoungGen      total 4096K, used 1254K [0x00000000d5580000, 0x00000000d5b00000, 0x0000000100000000)
  eden space 2560K, 0% used [0x00000000d5580000,0x00000000d5580000,0x00000000d5800000)
  from space 1536K, 81% used [0x00000000d5980000,0x00000000d5ab9bc0,0x00000000d5b00000)
  to   space 1536K, 0% used [0x00000000d5800000,0x00000000d5800000,0x00000000d5980000)
 ParOldGen       total 803840K, used 803384K [0x0000000080000000, 0x00000000b1100000, 0x00000000d5580000)
  object space 803840K, 99% used [0x0000000080000000,0x00000000b108e1e8,0x00000000b1100000)
 Metaspace       used 69583K, committed 71104K, reserved 1114112K
  class space    used 7545K, committed 8192K, reserved 1048576K
}
Event: 42.032 GC heap before
{Heap before GC invocations=1306 (full 3):
 PSYoungGen      total 4096K, used 3814K [0x00000000d5580000, 0x00000000d5b00000, 0x0000000100000000)
  eden space 2560K, 100% used [0x00000000d5580000,0x00000000d5800000,0x00000000d5800000)
  from space 1536K, 81% used [0x00000000d5980000,0x00000000d5ab9bc0,0x00000000d5b00000)
  to   space 1536K, 0% used [0x00000000d5800000,0x00000000d5800000,0x00000000d5980000)
 ParOldGen       total 803840K, used 803384K [0x0000000080000000, 0x00000000b1100000, 0x00000000d5580000)
  object space 803840K, 99% used [0x0000000080000000,0x00000000b108e1e8,0x00000000b1100000)
 Metaspace       used 69583K, committed 71104K, reserved 1114112K
  class space    used 7545K, committed 8192K, reserved 1048576K
}
Event: 42.035 GC heap after
{Heap after GC invocations=1306 (full 3):
 PSYoungGen      total 4096K, used 1530K [0x00000000d5580000, 0x00000000d5d00000, 0x0000000100000000)
  eden space 2560K, 0% used [0x00000000d5580000,0x00000000d5580000,0x00000000d5800000)
  from space 1536K, 99% used [0x00000000d5800000,0x00000000d597eae0,0x00000000d5980000)
  to   space 2560K, 0% used [0x00000000d5a80000,0x00000000d5a80000,0x00000000d5d00000)
 ParOldGen       total 804352K, used 804114K [0x0000000080000000, 0x00000000b1180000, 0x00000000d5580000)
  object space 804352K, 99% used [0x0000000080000000,0x00000000b1144bf8,0x00000000b1180000)
 Metaspace       used 69583K, committed 71104K, reserved 1114112K
  class space    used 7545K, committed 8192K, reserved 1048576K
}
Event: 42.055 GC heap before
{Heap before GC invocations=1307 (full 3):
 PSYoungGen      total 4096K, used 4090K [0x00000000d5580000, 0x00000000d5d00000, 0x0000000100000000)
  eden space 2560K, 100% used [0x00000000d5580000,0x00000000d5800000,0x00000000d5800000)
  from space 1536K, 99% used [0x00000000d5800000,0x00000000d597eae0,0x00000000d5980000)
  to   space 2560K, 0% used [0x00000000d5a80000,0x00000000d5a80000,0x00000000d5d00000)
 ParOldGen       total 804352K, used 804114K [0x0000000080000000, 0x00000000b1180000, 0x00000000d5580000)
  object space 804352K, 99% used [0x0000000080000000,0x00000000b1144bf8,0x00000000b1180000)
 Metaspace       used 69583K, committed 71104K, reserved 1114112K
  class space    used 7545K, committed 8192K, reserved 1048576K
}
Event: 42.059 GC heap after
{Heap after GC invocations=1307 (full 3):
 PSYoungGen      total 4096K, used 1188K [0x00000000d5580000, 0x00000000d5c00000, 0x0000000100000000)
  eden space 2560K, 0% used [0x00000000d5580000,0x00000000d5580000,0x00000000d5800000)
  from space 1536K, 77% used [0x00000000d5a80000,0x00000000d5ba9008,0x00000000d5c00000)
  to   space 2048K, 0% used [0x00000000d5800000,0x00000000d5800000,0x00000000d5a00000)
 ParOldGen       total 805376K, used 805046K [0x0000000080000000, 0x00000000b1280000, 0x00000000d5580000)
  object space 805376K, 99% used [0x0000000080000000,0x00000000b122dab8,0x00000000b1280000)
 Metaspace       used 69583K, committed 71104K, reserved 1114112K
  class space    used 7545K, committed 8192K, reserved 1048576K
}
Event: 42.064 GC heap before
{Heap before GC invocations=1308 (full 3):
 PSYoungGen      total 4096K, used 3714K [0x00000000d5580000, 0x00000000d5c00000, 0x0000000100000000)
  eden space 2560K, 98% used [0x00000000d5580000,0x00000000d57f7808,0x00000000d5800000)
  from space 1536K, 77% used [0x00000000d5a80000,0x00000000d5ba9008,0x00000000d5c00000)
  to   space 2048K, 0% used [0x00000000d5800000,0x00000000d5800000,0x00000000d5a00000)
 ParOldGen       total 805376K, used 805046K [0x0000000080000000, 0x00000000b1280000, 0x00000000d5580000)
  object space 805376K, 99% used [0x0000000080000000,0x00000000b122dab8,0x00000000b1280000)
 Metaspace       used 69583K, committed 71104K, reserved 1114112K
  class space    used 7545K, committed 8192K, reserved 1048576K
}
Event: 42.067 GC heap after
{Heap after GC invocations=1308 (full 3):
 PSYoungGen      total 4608K, used 1876K [0x00000000d5580000, 0x00000000d5c80000, 0x0000000100000000)
  eden space 2560K, 0% used [0x00000000d5580000,0x00000000d5580000,0x00000000d5800000)
  from space 2048K, 91% used [0x00000000d5800000,0x00000000d59d51d8,0x00000000d5a00000)
  to   space 2048K, 0% used [0x00000000d5a80000,0x00000000d5a80000,0x00000000d5c80000)
 ParOldGen       total 805888K, used 805823K [0x0000000080000000, 0x00000000b1300000, 0x00000000d5580000)
  object space 805888K, 99% used [0x0000000080000000,0x00000000b12efee8,0x00000000b1300000)
 Metaspace       used 69583K, committed 71104K, reserved 1114112K
  class space    used 7545K, committed 8192K, reserved 1048576K
}
Event: 42.084 GC heap before
{Heap before GC invocations=1309 (full 3):
 PSYoungGen      total 4608K, used 4436K [0x00000000d5580000, 0x00000000d5c80000, 0x0000000100000000)
  eden space 2560K, 100% used [0x00000000d5580000,0x00000000d5800000,0x00000000d5800000)
  from space 2048K, 91% used [0x00000000d5800000,0x00000000d59d51d8,0x00000000d5a00000)
  to   space 2048K, 0% used [0x00000000d5a80000,0x00000000d5a80000,0x00000000d5c80000)
 ParOldGen       total 805888K, used 805823K [0x0000000080000000, 0x00000000b1300000, 0x00000000d5580000)
  object space 805888K, 99% used [0x0000000080000000,0x00000000b12efee8,0x00000000b1300000)
 Metaspace       used 69584K, committed 71104K, reserved 1114112K
  class space    used 7545K, committed 8192K, reserved 1048576K
}
Event: 42.086 GC heap after
{Heap after GC invocations=1309 (full 3):
 PSYoungGen      total 4096K, used 1206K [0x00000000d5580000, 0x00000000d5c00000, 0x0000000100000000)
  eden space 2560K, 0% used [0x00000000d5580000,0x00000000d5580000,0x00000000d5800000)
  from space 1536K, 78% used [0x00000000d5a80000,0x00000000d5badbf8,0x00000000d5c00000)
  to   space 1536K, 0% used [0x00000000d5900000,0x00000000d5900000,0x00000000d5a80000)
 ParOldGen       total 806912K, used 806769K [0x0000000080000000, 0x00000000b1400000, 0x00000000d5580000)
  object space 806912K, 99% used [0x0000000080000000,0x00000000b13dc6f8,0x00000000b1400000)
 Metaspace       used 69584K, committed 71104K, reserved 1114112K
  class space    used 7545K, committed 8192K, reserved 1048576K
}
Event: 42.098 GC heap before
{Heap before GC invocations=1310 (full 3):
 PSYoungGen      total 4096K, used 3766K [0x00000000d5580000, 0x00000000d5c00000, 0x0000000100000000)
  eden space 2560K, 100% used [0x00000000d5580000,0x00000000d5800000,0x00000000d5800000)
  from space 1536K, 78% used [0x00000000d5a80000,0x00000000d5badbf8,0x00000000d5c00000)
  to   space 1536K, 0% used [0x00000000d5900000,0x00000000d5900000,0x00000000d5a80000)
 ParOldGen       total 806912K, used 806769K [0x0000000080000000, 0x00000000b1400000, 0x00000000d5580000)
  object space 806912K, 99% used [0x0000000080000000,0x00000000b13dc6f8,0x00000000b1400000)
 Metaspace       used 69584K, committed 71104K, reserved 1114112K
  class space    used 7545K, committed 8192K, reserved 1048576K
}
Event: 42.101 GC heap after
{Heap after GC invocations=1310 (full 3):
 PSYoungGen      total 4096K, used 1120K [0x00000000d5580000, 0x00000000d5b00000, 0x0000000100000000)
  eden space 2560K, 0% used [0x00000000d5580000,0x00000000d5580000,0x00000000d5800000)
  from space 1536K, 72% used [0x00000000d5900000,0x00000000d5a18000,0x00000000d5a80000)
  to   space 512K, 0% used [0x00000000d5a80000,0x00000000d5a80000,0x00000000d5b00000)
 ParOldGen       total 807936K, used 807677K [0x0000000080000000, 0x00000000b1500000, 0x00000000d5580000)
  object space 807936K, 99% used [0x0000000080000000,0x00000000b14bf6e8,0x00000000b1500000)
 Metaspace       used 69584K, committed 71104K, reserved 1114112K
  class space    used 7545K, committed 8192K, reserved 1048576K
}
Event: 42.127 GC heap before
{Heap before GC invocations=1311 (full 3):
 PSYoungGen      total 4096K, used 3680K [0x00000000d5580000, 0x00000000d5b00000, 0x0000000100000000)
  eden space 2560K, 100% used [0x00000000d5580000,0x00000000d5800000,0x00000000d5800000)
  from space 1536K, 72% used [0x00000000d5900000,0x00000000d5a18000,0x00000000d5a80000)
  to   space 512K, 0% used [0x00000000d5a80000,0x00000000d5a80000,0x00000000d5b00000)
 ParOldGen       total 807936K, used 807677K [0x0000000080000000, 0x00000000b1500000, 0x00000000d5580000)
  object space 807936K, 99% used [0x0000000080000000,0x00000000b14bf6e8,0x00000000b1500000)
 Metaspace       used 69592K, committed 71104K, reserved 1114112K
  class space    used 7547K, committed 8192K, reserved 1048576K
}
Event: 42.130 GC heap after
{Heap after GC invocations=1311 (full 3):
 PSYoungGen      total 3072K, used 498K [0x00000000d5580000, 0x00000000d5d00000, 0x0000000100000000)
  eden space 2560K, 0% used [0x00000000d5580000,0x00000000d5580000,0x00000000d5800000)
  from space 512K, 97% used [0x00000000d5a80000,0x00000000d5afc808,0x00000000d5b00000)
  to   space 2560K, 0% used [0x00000000d5800000,0x00000000d5800000,0x00000000d5a80000)
 ParOldGen       total 809472K, used 809105K [0x0000000080000000, 0x00000000b1680000, 0x00000000d5580000)
  object space 809472K, 99% used [0x0000000080000000,0x00000000b1624470,0x00000000b1680000)
 Metaspace       used 69592K, committed 71104K, reserved 1114112K
  class space    used 7547K, committed 8192K, reserved 1048576K
}
Event: 42.136 GC heap before
{Heap before GC invocations=1312 (full 3):
 PSYoungGen      total 3072K, used 3058K [0x00000000d5580000, 0x00000000d5d00000, 0x0000000100000000)
  eden space 2560K, 100% used [0x00000000d5580000,0x00000000d5800000,0x00000000d5800000)
  from space 512K, 97% used [0x00000000d5a80000,0x00000000d5afc808,0x00000000d5b00000)
  to   space 2560K, 0% used [0x00000000d5800000,0x00000000d5800000,0x00000000d5a80000)
 ParOldGen       total 809472K, used 809105K [0x0000000080000000, 0x00000000b1680000, 0x00000000d5580000)
  object space 809472K, 99% used [0x0000000080000000,0x00000000b1624470,0x00000000b1680000)
 Metaspace       used 69592K, committed 71104K, reserved 1114112K
  class space    used 7547K, committed 8192K, reserved 1048576K
}
Event: 42.140 GC heap after
{Heap after GC invocations=1312 (full 3):
 PSYoungGen      total 5120K, used 2461K [0x00000000d5580000, 0x00000000d5e80000, 0x0000000100000000)
  eden space 2560K, 0% used [0x00000000d5580000,0x00000000d5580000,0x00000000d5800000)
  from space 2560K, 96% used [0x00000000d5800000,0x00000000d5a67520,0x00000000d5a80000)
  to   space 3072K, 0% used [0x00000000d5b80000,0x00000000d5b80000,0x00000000d5e80000)
 ParOldGen       total 809984K, used 809634K [0x0000000080000000, 0x00000000b1700000, 0x00000000d5580000)
  object space 809984K, 99% used [0x0000000080000000,0x00000000b16a8958,0x00000000b1700000)
 Metaspace       used 69592K, committed 71104K, reserved 1114112K
  class space    used 7547K, committed 8192K, reserved 1048576K
}
Event: 42.146 GC heap before
{Heap before GC invocations=1313 (full 3):
 PSYoungGen      total 5120K, used 5019K [0x00000000d5580000, 0x00000000d5e80000, 0x0000000100000000)
  eden space 2560K, 99% used [0x00000000d5580000,0x00000000d57ff878,0x00000000d5800000)
  from space 2560K, 96% used [0x00000000d5800000,0x00000000d5a67520,0x00000000d5a80000)
  to   space 3072K, 0% used [0x00000000d5b80000,0x00000000d5b80000,0x00000000d5e80000)
 ParOldGen       total 809984K, used 809634K [0x0000000080000000, 0x00000000b1700000, 0x00000000d5580000)
  object space 809984K, 99% used [0x0000000080000000,0x00000000b16a8958,0x00000000b1700000)
 Metaspace       used 69592K, committed 71104K, reserved 1114112K
  class space    used 7547K, committed 8192K, reserved 1048576K
}
Event: 42.150 GC heap after
{Heap after GC invocations=1313 (full 3):
 PSYoungGen      total 5632K, used 2432K [0x00000000d5580000, 0x00000000d5e00000, 0x0000000100000000)
  eden space 3072K, 0% used [0x00000000d5580000,0x00000000d5580000,0x00000000d5880000)
  from space 2560K, 95% used [0x00000000d5b80000,0x00000000d5de0000,0x00000000d5e00000)
  to   space 2560K, 0% used [0x00000000d5900000,0x00000000d5900000,0x00000000d5b80000)
 ParOldGen       total 812032K, used 811979K [0x0000000080000000, 0x00000000b1900000, 0x00000000d5580000)
  object space 812032K, 99% used [0x0000000080000000,0x00000000b18f2e10,0x00000000b1900000)
 Metaspace       used 69592K, committed 71104K, reserved 1114112K
  class space    used 7547K, committed 8192K, reserved 1048576K
}
Event: 42.163 GC heap before
{Heap before GC invocations=1314 (full 3):
 PSYoungGen      total 5632K, used 5503K [0x00000000d5580000, 0x00000000d5e00000, 0x0000000100000000)
  eden space 3072K, 99% used [0x00000000d5580000,0x00000000d587ff98,0x00000000d5880000)
  from space 2560K, 95% used [0x00000000d5b80000,0x00000000d5de0000,0x00000000d5e00000)
  to   space 2560K, 0% used [0x00000000d5900000,0x00000000d5900000,0x00000000d5b80000)
 ParOldGen       total 812032K, used 811979K [0x0000000080000000, 0x00000000b1900000, 0x00000000d5580000)
  object space 812032K, 99% used [0x0000000080000000,0x00000000b18f2e10,0x00000000b1900000)
 Metaspace       used 69592K, committed 71104K, reserved 1114112K
  class space    used 7547K, committed 8192K, reserved 1048576K
}
Event: 42.166 GC heap after
{Heap after GC invocations=1314 (full 3):
 PSYoungGen      total 6144K, used 2560K [0x00000000d5580000, 0x00000000d6480000, 0x0000000100000000)
  eden space 3584K, 0% used [0x00000000d5580000,0x00000000d5580000,0x00000000d5900000)
  from space 2560K, 100% used [0x00000000d5900000,0x00000000d5b80000,0x00000000d5b80000)
  to   space 5632K, 0% used [0x00000000d5f00000,0x00000000d5f00000,0x00000000d6480000)
 ParOldGen       total 814592K, used 814524K [0x0000000080000000, 0x00000000b1b80000, 0x00000000d5580000)
  object space 814592K, 99% used [0x0000000080000000,0x00000000b1b6f2e0,0x00000000b1b80000)
 Metaspace       used 69592K, committed 71104K, reserved 1114112K
  class space    used 7547K, committed 8192K, reserved 1048576K
}

